<?xml version="1.0" encoding="UTF-8"?>
<testsuite name="com.example.testingweb.WebMockTest" tests="1" skipped="0" failures="0" errors="0" timestamp="2022-06-15T13:42:58" hostname="sinensia-virtual-machine" time="0.134">
  <properties/>
  <testcase name="greetingShouldReturnMessageFromService()" classname="com.example.testingweb.WebMockTest" time="0.134"/>
  <system-out><![CDATA[2022-06-15 15:42:57.091  INFO 198290 --- [    Test worker] .b.t.a.w.s.WebMvcTestContextBootstrapper : Neither @ContextConfiguration nor @ContextHierarchy found for test class [com.example.testingweb.WebMockTest], using SpringBootContextLoader
2022-06-15 15:42:57.093  INFO 198290 --- [    Test worker] o.s.t.c.support.AbstractContextLoader    : Could not detect default resource locations for test class [com.example.testingweb.WebMockTest]: no resource found for suffixes {-context.xml, Context.groovy}.
2022-06-15 15:42:57.093  INFO 198290 --- [    Test worker] t.c.s.AnnotationConfigContextLoaderUtils : Could not detect default configuration classes for test class [com.example.testingweb.WebMockTest]: WebMockTest does not declare any static, non-private, non-final, nested classes annotated with @Configuration.
2022-06-15 15:42:57.114  INFO 198290 --- [    Test worker] .b.t.c.SpringBootTestContextBootstrapper : Found @SpringBootConfiguration com.example.testingweb.TestingWebApplication for test class com.example.testingweb.WebMockTest
2022-06-15 15:42:57.117  INFO 198290 --- [    Test worker] .b.t.a.w.s.WebMvcTestContextBootstrapper : Loaded default TestExecutionListener class names from location [META-INF/spring.factories]: [org.springframework.boot.test.autoconfigure.restdocs.RestDocsTestExecutionListener, org.springframework.boot.test.autoconfigure.web.client.MockRestServiceServerResetTestExecutionListener, org.springframework.boot.test.autoconfigure.web.servlet.MockMvcPrintOnlyOnFailureTestExecutionListener, org.springframework.boot.test.autoconfigure.web.servlet.WebDriverTestExecutionListener, org.springframework.boot.test.autoconfigure.webservices.client.MockWebServiceServerTestExecutionListener, org.springframework.boot.test.mock.mockito.MockitoTestExecutionListener, org.springframework.boot.test.mock.mockito.ResetMocksTestExecutionListener, org.springframework.test.context.web.ServletTestExecutionListener, org.springframework.test.context.support.DirtiesContextBeforeModesTestExecutionListener, org.springframework.test.context.event.ApplicationEventsTestExecutionListener, org.springframework.test.context.support.DependencyInjectionTestExecutionListener, org.springframework.test.context.support.DirtiesContextTestExecutionListener, org.springframework.test.context.transaction.TransactionalTestExecutionListener, org.springframework.test.context.jdbc.SqlScriptsTestExecutionListener, org.springframework.test.context.event.EventPublishingTestExecutionListener]
2022-06-15 15:42:57.119  INFO 198290 --- [    Test worker] .b.t.a.w.s.WebMvcTestContextBootstrapper : Using TestExecutionListeners: [org.springframework.test.context.web.ServletTestExecutionListener@3e4afd10, org.springframework.test.context.support.DirtiesContextBeforeModesTestExecutionListener@22aefae0, org.springframework.test.context.event.ApplicationEventsTestExecutionListener@20faaf77, org.springframework.boot.test.mock.mockito.MockitoTestExecutionListener@7440265c, org.springframework.boot.test.autoconfigure.SpringBootDependencyInjectionTestExecutionListener@1d8be7b9, org.springframework.test.context.support.DirtiesContextTestExecutionListener@48277712, org.springframework.test.context.event.EventPublishingTestExecutionListener@3d53e876, org.springframework.boot.test.autoconfigure.restdocs.RestDocsTestExecutionListener@48d44b46, org.springframework.boot.test.autoconfigure.web.client.MockRestServiceServerResetTestExecutionListener@aa0dbca, org.springframework.boot.test.autoconfigure.web.servlet.MockMvcPrintOnlyOnFailureTestExecutionListener@794cb26b, org.springframework.boot.test.autoconfigure.web.servlet.WebDriverTestExecutionListener@5b7ee56c, org.springframework.boot.test.autoconfigure.webservices.client.MockWebServiceServerTestExecutionListener@311a0b3e, org.springframework.boot.test.mock.mockito.ResetMocksTestExecutionListener@3de8f85c]

  .   ____          _            __ _ _
 /\\ / ___'_ __ _ _(_)_ __  __ _ \ \ \ \
( ( )\___ | '_ | '_| | '_ \/ _` | \ \ \ \
 \\/  ___)| |_)| | | | | || (_| |  ) ) ) )
  '  |____| .__|_| |_|_| |_\__, | / / / /
 =========|_|==============|___/=/_/_/_/
 :: Spring Boot ::                (v2.7.0)

2022-06-15 15:42:57.193  INFO 198290 --- [    Test worker] com.example.testingweb.WebMockTest       : Starting WebMockTest using Java 11.0.15 on sinensia-virtual-machine with PID 198290 (started by sinensia in /home/sinensia/testing-web)
2022-06-15 15:42:57.194  INFO 198290 --- [    Test worker] com.example.testingweb.WebMockTest       : No active profile set, falling back to 1 default profile: "default"
2022-06-15 15:42:58.741  INFO 198290 --- [    Test worker] o.s.b.t.m.w.SpringBootMockServletContext : Initializing Spring TestDispatcherServlet ''
2022-06-15 15:42:58.741  INFO 198290 --- [    Test worker] o.s.t.web.servlet.TestDispatcherServlet  : Initializing Servlet ''
2022-06-15 15:42:58.751  INFO 198290 --- [    Test worker] o.s.t.web.servlet.TestDispatcherServlet  : Completed initialization in 1 ms
2022-06-15 15:42:58.787  INFO 198290 --- [    Test worker] com.example.testingweb.WebMockTest       : Started WebMockTest in 1.66 seconds (JVM running for 18.592)

MockHttpServletRequest:
      HTTP Method = GET
      Request URI = /greeting
       Parameters = {}
          Headers = []
             Body = null
    Session Attrs = {}

Handler:
             Type = com.example.testingweb.GreetingController
           Method = com.example.testingweb.GreetingController#greeting()

Async:
    Async started = false
     Async result = null

Resolved Exception:
             Type = null

ModelAndView:
        View name = null
             View = null
            Model = null

FlashMap:
       Attributes = null

MockHttpServletResponse:
           Status = 200
    Error message = null
          Headers = [Content-Type:"text/plain;charset=UTF-8", Content-Length:"11"]
     Content type = text/plain;charset=UTF-8
             Body = Hello, Mock
    Forwarded URL = null
   Redirected URL = null
          Cookies = []
]]></system-out>
  <system-err><![CDATA[]]></system-err>
</testsuite>
