<?xml version="1.0" encoding="UTF-8"?>
<testsuite name="com.example.testingweb.SmokeTest" tests="1" skipped="0" failures="0" errors="0" timestamp="2022-06-15T13:42:53" hostname="sinensia-virtual-machine" time="0.02">
  <properties/>
  <testcase name="contextLoads()" classname="com.example.testingweb.SmokeTest" time="0.02"/>
  <system-out><![CDATA[2022-06-15 15:42:51.871  INFO 198290 --- [    Test worker] .b.t.c.SpringBootTestContextBootstrapper : Neither @ContextConfiguration nor @ContextHierarchy found for test class [com.example.testingweb.SmokeTest], using SpringBootContextLoader
2022-06-15 15:42:51.874  INFO 198290 --- [    Test worker] o.s.t.c.support.AbstractContextLoader    : Could not detect default resource locations for test class [com.example.testingweb.SmokeTest]: no resource found for suffixes {-context.xml, Context.groovy}.
2022-06-15 15:42:51.876  INFO 198290 --- [    Test worker] t.c.s.AnnotationConfigContextLoaderUtils : Could not detect default configuration classes for test class [com.example.testingweb.SmokeTest]: SmokeTest does not declare any static, non-private, non-final, nested classes annotated with @Configuration.
2022-06-15 15:42:51.884  INFO 198290 --- [    Test worker] .b.t.c.SpringBootTestContextBootstrapper : Found @SpringBootConfiguration com.example.testingweb.TestingWebApplication for test class com.example.testingweb.SmokeTest
2022-06-15 15:42:51.891  INFO 198290 --- [    Test worker] .b.t.c.SpringBootTestContextBootstrapper : Loaded default TestExecutionListener class names from location [META-INF/spring.factories]: [org.springframework.boot.test.autoconfigure.restdocs.RestDocsTestExecutionListener, org.springframework.boot.test.autoconfigure.web.client.MockRestServiceServerResetTestExecutionListener, org.springframework.boot.test.autoconfigure.web.servlet.MockMvcPrintOnlyOnFailureTestExecutionListener, org.springframework.boot.test.autoconfigure.web.servlet.WebDriverTestExecutionListener, org.springframework.boot.test.autoconfigure.webservices.client.MockWebServiceServerTestExecutionListener, org.springframework.boot.test.mock.mockito.MockitoTestExecutionListener, org.springframework.boot.test.mock.mockito.ResetMocksTestExecutionListener, org.springframework.test.context.web.ServletTestExecutionListener, org.springframework.test.context.support.DirtiesContextBeforeModesTestExecutionListener, org.springframework.test.context.event.ApplicationEventsTestExecutionListener, org.springframework.test.context.support.DependencyInjectionTestExecutionListener, org.springframework.test.context.support.DirtiesContextTestExecutionListener, org.springframework.test.context.transaction.TransactionalTestExecutionListener, org.springframework.test.context.jdbc.SqlScriptsTestExecutionListener, org.springframework.test.context.event.EventPublishingTestExecutionListener]
2022-06-15 15:42:51.897  INFO 198290 --- [    Test worker] .b.t.c.SpringBootTestContextBootstrapper : Using TestExecutionListeners: [org.springframework.test.context.web.ServletTestExecutionListener@2ba9f986, org.springframework.test.context.support.DirtiesContextBeforeModesTestExecutionListener@4aa3fc9a, org.springframework.test.context.event.ApplicationEventsTestExecutionListener@70f4f89e, org.springframework.boot.test.mock.mockito.MockitoTestExecutionListener@634aa81e, org.springframework.boot.test.autoconfigure.SpringBootDependencyInjectionTestExecutionListener@74b1838, org.springframework.test.context.support.DirtiesContextTestExecutionListener@52d96367, org.springframework.test.context.event.EventPublishingTestExecutionListener@5be51aa, org.springframework.boot.test.autoconfigure.restdocs.RestDocsTestExecutionListener@3302035b, org.springframework.boot.test.autoconfigure.web.client.MockRestServiceServerResetTestExecutionListener@6c5747db, org.springframework.boot.test.autoconfigure.web.servlet.MockMvcPrintOnlyOnFailureTestExecutionListener@750cd36d, org.springframework.boot.test.autoconfigure.web.servlet.WebDriverTestExecutionListener@2c8ff67, org.springframework.boot.test.autoconfigure.webservices.client.MockWebServiceServerTestExecutionListener@21733cbe, org.springframework.boot.test.mock.mockito.ResetMocksTestExecutionListener@77ccded4]

  .   ____          _            __ _ _
 /\\ / ___'_ __ _ _(_)_ __  __ _ \ \ \ \
( ( )\___ | '_ | '_| | '_ \/ _` | \ \ \ \
 \\/  ___)| |_)| | | | | || (_| |  ) ) ) )
  '  |____| .__|_| |_|_| |_\__, | / / / /
 =========|_|==============|___/=/_/_/_/
 :: Spring Boot ::                (v2.7.0)

2022-06-15 15:42:52.052  INFO 198290 --- [    Test worker] com.example.testingweb.SmokeTest         : Starting SmokeTest using Java 11.0.15 on sinensia-virtual-machine with PID 198290 (started by sinensia in /home/sinensia/testing-web)
2022-06-15 15:42:52.055  INFO 198290 --- [    Test worker] com.example.testingweb.SmokeTest         : No active profile set, falling back to 1 default profile: "default"
2022-06-15 15:42:53.879  INFO 198290 --- [    Test worker] com.example.testingweb.SmokeTest         : Started SmokeTest in 1.964 seconds (JVM running for 13.683)
]]></system-out>
  <system-err><![CDATA[]]></system-err>
</testsuite>
