<?xml version="1.0" encoding="UTF-8"?>
<testsuite name="com.example.testingweb.SmokeTest" tests="1" skipped="0" failures="0" errors="0" timestamp="2022-06-16T10:00:30" hostname="sinensia-virtual-machine" time="0.039">
  <properties/>
  <testcase name="contextLoads()" classname="com.example.testingweb.SmokeTest" time="0.039"/>
  <system-out><![CDATA[2022-06-16 12:00:26.929  INFO 225895 --- [    Test worker] .b.t.c.SpringBootTestContextBootstrapper : Neither @ContextConfiguration nor @ContextHierarchy found for test class [com.example.testingweb.SmokeTest], using SpringBootContextLoader
2022-06-16 12:00:26.944  INFO 225895 --- [    Test worker] o.s.t.c.support.AbstractContextLoader    : Could not detect default resource locations for test class [com.example.testingweb.SmokeTest]: no resource found for suffixes {-context.xml, Context.groovy}.
2022-06-16 12:00:26.955  INFO 225895 --- [    Test worker] t.c.s.AnnotationConfigContextLoaderUtils : Could not detect default configuration classes for test class [com.example.testingweb.SmokeTest]: SmokeTest does not declare any static, non-private, non-final, nested classes annotated with @Configuration.
2022-06-16 12:00:27.031  INFO 225895 --- [    Test worker] .b.t.c.SpringBootTestContextBootstrapper : Found @SpringBootConfiguration com.example.testingweb.TestingWebApplication for test class com.example.testingweb.SmokeTest
2022-06-16 12:00:27.075  INFO 225895 --- [    Test worker] .b.t.c.SpringBootTestContextBootstrapper : Loaded default TestExecutionListener class names from location [META-INF/spring.factories]: [org.springframework.boot.test.autoconfigure.restdocs.RestDocsTestExecutionListener, org.springframework.boot.test.autoconfigure.web.client.MockRestServiceServerResetTestExecutionListener, org.springframework.boot.test.autoconfigure.web.servlet.MockMvcPrintOnlyOnFailureTestExecutionListener, org.springframework.boot.test.autoconfigure.web.servlet.WebDriverTestExecutionListener, org.springframework.boot.test.autoconfigure.webservices.client.MockWebServiceServerTestExecutionListener, org.springframework.boot.test.mock.mockito.MockitoTestExecutionListener, org.springframework.boot.test.mock.mockito.ResetMocksTestExecutionListener, org.springframework.test.context.web.ServletTestExecutionListener, org.springframework.test.context.support.DirtiesContextBeforeModesTestExecutionListener, org.springframework.test.context.event.ApplicationEventsTestExecutionListener, org.springframework.test.context.support.DependencyInjectionTestExecutionListener, org.springframework.test.context.support.DirtiesContextTestExecutionListener, org.springframework.test.context.transaction.TransactionalTestExecutionListener, org.springframework.test.context.jdbc.SqlScriptsTestExecutionListener, org.springframework.test.context.event.EventPublishingTestExecutionListener]
2022-06-16 12:00:27.089  INFO 225895 --- [    Test worker] .b.t.c.SpringBootTestContextBootstrapper : Using TestExecutionListeners: [org.springframework.test.context.web.ServletTestExecutionListener@4e42d0d7, org.springframework.test.context.support.DirtiesContextBeforeModesTestExecutionListener@1500ed0e, org.springframework.test.context.event.ApplicationEventsTestExecutionListener@4bb7a2b5, org.springframework.boot.test.mock.mockito.MockitoTestExecutionListener@1e1e5fb3, org.springframework.boot.test.autoconfigure.SpringBootDependencyInjectionTestExecutionListener@4682e0cf, org.springframework.test.context.support.DirtiesContextTestExecutionListener@54780d8c, org.springframework.test.context.event.EventPublishingTestExecutionListener@22acafbc, org.springframework.boot.test.autoconfigure.restdocs.RestDocsTestExecutionListener@4e238f9d, org.springframework.boot.test.autoconfigure.web.client.MockRestServiceServerResetTestExecutionListener@1f769a0e, org.springframework.boot.test.autoconfigure.web.servlet.MockMvcPrintOnlyOnFailureTestExecutionListener@bf6f001, org.springframework.boot.test.autoconfigure.web.servlet.WebDriverTestExecutionListener@4c606f8c, org.springframework.boot.test.autoconfigure.webservices.client.MockWebServiceServerTestExecutionListener@1e6d5efa, org.springframework.boot.test.mock.mockito.ResetMocksTestExecutionListener@35e011d3]

  .   ____          _            __ _ _
 /\\ / ___'_ __ _ _(_)_ __  __ _ \ \ \ \
( ( )\___ | '_ | '_| | '_ \/ _` | \ \ \ \
 \\/  ___)| |_)| | | | | || (_| |  ) ) ) )
  '  |____| .__|_| |_|_| |_\__, | / / / /
 =========|_|==============|___/=/_/_/_/
 :: Spring Boot ::                (v2.7.0)

2022-06-16 12:00:27.494  INFO 225895 --- [    Test worker] com.example.testingweb.SmokeTest         : Starting SmokeTest using Java 11.0.15 on sinensia-virtual-machine with PID 225895 (started by sinensia in /home/sinensia/testing-web)
2022-06-16 12:00:27.497  INFO 225895 --- [    Test worker] com.example.testingweb.SmokeTest         : No active profile set, falling back to 1 default profile: "default"
2022-06-16 12:00:30.006  INFO 225895 --- [    Test worker] com.example.testingweb.SmokeTest         : Started SmokeTest in 2.815 seconds (JVM running for 68.607)
]]></system-out>
  <system-err><![CDATA[]]></system-err>
</testsuite>
