<?xml version="1.0" encoding="UTF-8"?>
<testsuite name="com.example.testingweb.WebLayerTest" tests="1" skipped="0" failures="0" errors="0" timestamp="2022-06-15T15:58:47" hostname="sinensia-virtual-machine" time="0.04">
  <properties/>
  <testcase name="shouldReturnDefaultMessage()" classname="com.example.testingweb.WebLayerTest" time="0.04"/>
  <system-out><![CDATA[2022-06-15 17:58:46.571  INFO 205598 --- [    Test worker] .b.t.a.w.s.WebMvcTestContextBootstrapper : Neither @ContextConfiguration nor @ContextHierarchy found for test class [com.example.testingweb.WebLayerTest], using SpringBootContextLoader
2022-06-15 17:58:46.572  INFO 205598 --- [    Test worker] o.s.t.c.support.AbstractContextLoader    : Could not detect default resource locations for test class [com.example.testingweb.WebLayerTest]: no resource found for suffixes {-context.xml, Context.groovy}.
2022-06-15 17:58:46.573  INFO 205598 --- [    Test worker] t.c.s.AnnotationConfigContextLoaderUtils : Could not detect default configuration classes for test class [com.example.testingweb.WebLayerTest]: WebLayerTest does not declare any static, non-private, non-final, nested classes annotated with @Configuration.
2022-06-15 17:58:46.603  INFO 205598 --- [    Test worker] .b.t.c.SpringBootTestContextBootstrapper : Found @SpringBootConfiguration com.example.testingweb.TestingWebApplication for test class com.example.testingweb.WebLayerTest
2022-06-15 17:58:46.607  INFO 205598 --- [    Test worker] .b.t.a.w.s.WebMvcTestContextBootstrapper : Loaded default TestExecutionListener class names from location [META-INF/spring.factories]: [org.springframework.boot.test.autoconfigure.restdocs.RestDocsTestExecutionListener, org.springframework.boot.test.autoconfigure.web.client.MockRestServiceServerResetTestExecutionListener, org.springframework.boot.test.autoconfigure.web.servlet.MockMvcPrintOnlyOnFailureTestExecutionListener, org.springframework.boot.test.autoconfigure.web.servlet.WebDriverTestExecutionListener, org.springframework.boot.test.autoconfigure.webservices.client.MockWebServiceServerTestExecutionListener, org.springframework.boot.test.mock.mockito.MockitoTestExecutionListener, org.springframework.boot.test.mock.mockito.ResetMocksTestExecutionListener, org.springframework.test.context.web.ServletTestExecutionListener, org.springframework.test.context.support.DirtiesContextBeforeModesTestExecutionListener, org.springframework.test.context.event.ApplicationEventsTestExecutionListener, org.springframework.test.context.support.DependencyInjectionTestExecutionListener, org.springframework.test.context.support.DirtiesContextTestExecutionListener, org.springframework.test.context.transaction.TransactionalTestExecutionListener, org.springframework.test.context.jdbc.SqlScriptsTestExecutionListener, org.springframework.test.context.event.EventPublishingTestExecutionListener]
2022-06-15 17:58:46.609  INFO 205598 --- [    Test worker] .b.t.a.w.s.WebMvcTestContextBootstrapper : Using TestExecutionListeners: [org.springframework.test.context.web.ServletTestExecutionListener@31006a75, org.springframework.test.context.support.DirtiesContextBeforeModesTestExecutionListener@49122853, org.springframework.test.context.event.ApplicationEventsTestExecutionListener@e97f115, org.springframework.boot.test.mock.mockito.MockitoTestExecutionListener@5d6b42cf, org.springframework.boot.test.autoconfigure.SpringBootDependencyInjectionTestExecutionListener@6f8ac8d5, org.springframework.test.context.support.DirtiesContextTestExecutionListener@370225c7, org.springframework.test.context.event.EventPublishingTestExecutionListener@6ac756b, org.springframework.boot.test.autoconfigure.restdocs.RestDocsTestExecutionListener@156324b, org.springframework.boot.test.autoconfigure.web.client.MockRestServiceServerResetTestExecutionListener@38a38ed4, org.springframework.boot.test.autoconfigure.web.servlet.MockMvcPrintOnlyOnFailureTestExecutionListener@1e29a81a, org.springframework.boot.test.autoconfigure.web.servlet.WebDriverTestExecutionListener@7b4b8199, org.springframework.boot.test.autoconfigure.webservices.client.MockWebServiceServerTestExecutionListener@4bbf20d1, org.springframework.boot.test.mock.mockito.ResetMocksTestExecutionListener@6fced25c]

  .   ____          _            __ _ _
 /\\ / ___'_ __ _ _(_)_ __  __ _ \ \ \ \
( ( )\___ | '_ | '_| | '_ \/ _` | \ \ \ \
 \\/  ___)| |_)| | | | | || (_| |  ) ) ) )
  '  |____| .__|_| |_|_| |_\__, | / / / /
 =========|_|==============|___/=/_/_/_/
 :: Spring Boot ::                (v2.7.0)

2022-06-15 17:58:46.698  INFO 205598 --- [    Test worker] com.example.testingweb.WebLayerTest      : Starting WebLayerTest using Java 11.0.15 on sinensia-virtual-machine with PID 205598 (started by sinensia in /home/sinensia/testing-web)
2022-06-15 17:58:46.707  INFO 205598 --- [    Test worker] com.example.testingweb.WebLayerTest      : No active profile set, falling back to 1 default profile: "default"
2022-06-15 17:58:47.774  INFO 205598 --- [    Test worker] o.s.b.t.m.w.SpringBootMockServletContext : Initializing Spring TestDispatcherServlet ''
2022-06-15 17:58:47.776  INFO 205598 --- [    Test worker] o.s.t.web.servlet.TestDispatcherServlet  : Initializing Servlet ''
2022-06-15 17:58:47.778  INFO 205598 --- [    Test worker] o.s.t.web.servlet.TestDispatcherServlet  : Completed initialization in 1 ms
2022-06-15 17:58:47.815  INFO 205598 --- [    Test worker] com.example.testingweb.WebLayerTest      : Started WebLayerTest in 1.2 seconds (JVM running for 140.958)

MockHttpServletRequest:
      HTTP Method = GET
      Request URI = /
       Parameters = {}
          Headers = []
             Body = null
    Session Attrs = {}

Handler:
             Type = com.example.testingweb.HomeController
           Method = com.example.testingweb.HomeController#greeting()

Async:
    Async started = false
     Async result = null

Resolved Exception:
             Type = null

ModelAndView:
        View name = null
             View = null
            Model = null

FlashMap:
       Attributes = null

MockHttpServletResponse:
           Status = 200
    Error message = null
          Headers = [Content-Type:"text/plain;charset=UTF-8", Content-Length:"12"]
     Content type = text/plain;charset=UTF-8
             Body = Hello, World
    Forwarded URL = null
   Redirected URL = null
          Cookies = []
]]></system-out>
  <system-err><![CDATA[]]></system-err>
</testsuite>
