<?xml version="1.0" encoding="UTF-8"?>
<testsuite name="com.example.testingweb.HttpRequestTest" tests="19" skipped="0" failures="0" errors="0" timestamp="2022-06-16T13:44:30" hostname="sinensia-virtual-machine" time="4.363">
  <properties/>
  <testcase name="catDivideZero()" classname="com.example.testingweb.HttpRequestTest" time="2.874"/>
  <testcase name="catAddWithInvalidNumber()" classname="com.example.testingweb.HttpRequestTest" time="0.332"/>
  <testcase name="catAddWithFractions()" classname="com.example.testingweb.HttpRequestTest" time="0.03"/>
  <testcase name="catAddNegativeNumbers()" classname="com.example.testingweb.HttpRequestTest" time="0.078"/>
  <testcase name="catMultiplyWithEmptyValue()" classname="com.example.testingweb.HttpRequestTest" time="0.083"/>
  <testcase name="catAdd()" classname="com.example.testingweb.HttpRequestTest" time="0.034"/>
  <testcase name="catSubtractWithMissingValue()" classname="com.example.testingweb.HttpRequestTest" time="0.092"/>
  <testcase name="catAddWithMissingValue()" classname="com.example.testingweb.HttpRequestTest" time="0.129"/>
  <testcase name="catSubtract()" classname="com.example.testingweb.HttpRequestTest" time="0.069"/>
  <testcase name="catMultiplyWithFractions()" classname="com.example.testingweb.HttpRequestTest" time="0.032"/>
  <testcase name="catAddWithEmptyValue()" classname="com.example.testingweb.HttpRequestTest" time="0.044"/>
  <testcase name="catSubtractNegativeNumbers()" classname="com.example.testingweb.HttpRequestTest" time="0.018"/>
  <testcase name="catDivide()" classname="com.example.testingweb.HttpRequestTest" time="0.044"/>
  <testcase name="catSubtractWithFractions()" classname="com.example.testingweb.HttpRequestTest" time="0.021"/>
  <testcase name="catSubtractWithEmptyValue()" classname="com.example.testingweb.HttpRequestTest" time="0.028"/>
  <testcase name="greetingShouldReturnDefaultMessage()" classname="com.example.testingweb.HttpRequestTest" time="0.031"/>
  <testcase name="catMultiplyNegativeNumbers()" classname="com.example.testingweb.HttpRequestTest" time="0.071"/>
  <testcase name="catMultiply()" classname="com.example.testingweb.HttpRequestTest" time="0.03"/>
  <testcase name="catMultiplyWithMissingValue()" classname="com.example.testingweb.HttpRequestTest" time="0.027"/>
  <system-out><![CDATA[15:44:14.773 [Test worker] DEBUG org.springframework.test.context.BootstrapUtils - Instantiating CacheAwareContextLoaderDelegate from class [org.springframework.test.context.cache.DefaultCacheAwareContextLoaderDelegate]
15:44:14.866 [Test worker] DEBUG org.springframework.test.context.BootstrapUtils - Instantiating BootstrapContext using constructor [public org.springframework.test.context.support.DefaultBootstrapContext(java.lang.Class,org.springframework.test.context.CacheAwareContextLoaderDelegate)]
15:44:15.356 [Test worker] DEBUG org.springframework.test.context.BootstrapUtils - Instantiating TestContextBootstrapper for test class [com.example.testingweb.HttpRequestTest] from class [org.springframework.boot.test.context.SpringBootTestContextBootstrapper]
15:44:15.467 [Test worker] INFO org.springframework.boot.test.context.SpringBootTestContextBootstrapper - Neither @ContextConfiguration nor @ContextHierarchy found for test class [com.example.testingweb.HttpRequestTest], using SpringBootContextLoader
15:44:15.503 [Test worker] DEBUG org.springframework.test.context.support.AbstractContextLoader - Did not detect default resource location for test class [com.example.testingweb.HttpRequestTest]: class path resource [com/example/testingweb/HttpRequestTest-context.xml] does not exist
15:44:15.515 [Test worker] DEBUG org.springframework.test.context.support.AbstractContextLoader - Did not detect default resource location for test class [com.example.testingweb.HttpRequestTest]: class path resource [com/example/testingweb/HttpRequestTestContext.groovy] does not exist
15:44:15.517 [Test worker] INFO org.springframework.test.context.support.AbstractContextLoader - Could not detect default resource locations for test class [com.example.testingweb.HttpRequestTest]: no resource found for suffixes {-context.xml, Context.groovy}.
15:44:15.523 [Test worker] INFO org.springframework.test.context.support.AnnotationConfigContextLoaderUtils - Could not detect default configuration classes for test class [com.example.testingweb.HttpRequestTest]: HttpRequestTest does not declare any static, non-private, non-final, nested classes annotated with @Configuration.
15:44:15.825 [Test worker] DEBUG org.springframework.test.context.support.ActiveProfilesUtils - Could not find an 'annotation declaring class' for annotation type [org.springframework.test.context.ActiveProfiles] and class [com.example.testingweb.HttpRequestTest]
15:44:16.483 [Test worker] DEBUG org.springframework.context.annotation.ClassPathScanningCandidateComponentProvider - Identified candidate component class: file [/home/sinensia/testing-web/build/classes/java/main/com/example/testingweb/TestingWebApplication.class]
15:44:16.486 [Test worker] INFO org.springframework.boot.test.context.SpringBootTestContextBootstrapper - Found @SpringBootConfiguration com.example.testingweb.TestingWebApplication for test class com.example.testingweb.HttpRequestTest
15:44:16.970 [Test worker] DEBUG org.springframework.boot.test.context.SpringBootTestContextBootstrapper - @TestExecutionListeners is not present for class [com.example.testingweb.HttpRequestTest]: using defaults.
15:44:16.974 [Test worker] INFO org.springframework.boot.test.context.SpringBootTestContextBootstrapper - Loaded default TestExecutionListener class names from location [META-INF/spring.factories]: [org.springframework.boot.test.autoconfigure.restdocs.RestDocsTestExecutionListener, org.springframework.boot.test.autoconfigure.web.client.MockRestServiceServerResetTestExecutionListener, org.springframework.boot.test.autoconfigure.web.servlet.MockMvcPrintOnlyOnFailureTestExecutionListener, org.springframework.boot.test.autoconfigure.web.servlet.WebDriverTestExecutionListener, org.springframework.boot.test.autoconfigure.webservices.client.MockWebServiceServerTestExecutionListener, org.springframework.boot.test.mock.mockito.MockitoTestExecutionListener, org.springframework.boot.test.mock.mockito.ResetMocksTestExecutionListener, org.springframework.test.context.web.ServletTestExecutionListener, org.springframework.test.context.support.DirtiesContextBeforeModesTestExecutionListener, org.springframework.test.context.event.ApplicationEventsTestExecutionListener, org.springframework.test.context.support.DependencyInjectionTestExecutionListener, org.springframework.test.context.support.DirtiesContextTestExecutionListener, org.springframework.test.context.transaction.TransactionalTestExecutionListener, org.springframework.test.context.jdbc.SqlScriptsTestExecutionListener, org.springframework.test.context.event.EventPublishingTestExecutionListener]
15:44:17.035 [Test worker] DEBUG org.springframework.boot.test.context.SpringBootTestContextBootstrapper - Skipping candidate TestExecutionListener [org.springframework.test.context.transaction.TransactionalTestExecutionListener] due to a missing dependency. Specify custom listener classes or make the default listener classes and their required dependencies available. Offending class: [org/springframework/transaction/interceptor/TransactionAttributeSource]
15:44:17.039 [Test worker] DEBUG org.springframework.boot.test.context.SpringBootTestContextBootstrapper - Skipping candidate TestExecutionListener [org.springframework.test.context.jdbc.SqlScriptsTestExecutionListener] due to a missing dependency. Specify custom listener classes or make the default listener classes and their required dependencies available. Offending class: [org/springframework/transaction/interceptor/TransactionAttribute]
15:44:17.042 [Test worker] INFO org.springframework.boot.test.context.SpringBootTestContextBootstrapper - Using TestExecutionListeners: [org.springframework.test.context.web.ServletTestExecutionListener@59aa2fba, org.springframework.test.context.support.DirtiesContextBeforeModesTestExecutionListener@578d5d02, org.springframework.test.context.event.ApplicationEventsTestExecutionListener@77f04d1a, org.springframework.boot.test.mock.mockito.MockitoTestExecutionListener@27682fa9, org.springframework.boot.test.autoconfigure.SpringBootDependencyInjectionTestExecutionListener@2fb70301, org.springframework.test.context.support.DirtiesContextTestExecutionListener@126f2eb8, org.springframework.test.context.event.EventPublishingTestExecutionListener@67823972, org.springframework.boot.test.autoconfigure.restdocs.RestDocsTestExecutionListener@1f1574c, org.springframework.boot.test.autoconfigure.web.client.MockRestServiceServerResetTestExecutionListener@16c9e378, org.springframework.boot.test.autoconfigure.web.servlet.MockMvcPrintOnlyOnFailureTestExecutionListener@7d3815f7, org.springframework.boot.test.autoconfigure.web.servlet.WebDriverTestExecutionListener@b87ea8b, org.springframework.boot.test.autoconfigure.webservices.client.MockWebServiceServerTestExecutionListener@c79780, org.springframework.boot.test.mock.mockito.ResetMocksTestExecutionListener@594c66c3]
15:44:17.060 [Test worker] DEBUG org.springframework.test.context.support.AbstractDirtiesContextTestExecutionListener - Before test class: context [DefaultTestContext@30bf881e testClass = HttpRequestTest, testInstance = [null], testMethod = [null], testException = [null], mergedContextConfiguration = [WebMergedContextConfiguration@1041ebba testClass = HttpRequestTest, locations = '{}', classes = '{class com.example.testingweb.TestingWebApplication}', contextInitializerClasses = '[]', activeProfiles = '{}', propertySourceLocations = '{}', propertySourceProperties = '{org.springframework.boot.test.context.SpringBootTestContextBootstrapper=true, server.port=0}', contextCustomizers = set[org.springframework.boot.test.autoconfigure.actuate.metrics.MetricsExportContextCustomizerFactory$DisableMetricExportContextCustomizer@2b441e56, org.springframework.boot.test.autoconfigure.properties.PropertyMappingContextCustomizer@0, org.springframework.boot.test.autoconfigure.web.servlet.WebDriverContextCustomizerFactory$Customizer@1b17d8ab, org.springframework.boot.test.context.filter.ExcludeFilterContextCustomizer@6c8f4bc7, org.springframework.boot.test.json.DuplicateJsonObjectContextCustomizerFactory$DuplicateJsonObjectContextCustomizer@66020d69, org.springframework.boot.test.mock.mockito.MockitoContextCustomizer@0, org.springframework.boot.test.web.client.TestRestTemplateContextCustomizer@401788d5, org.springframework.boot.test.context.SpringBootTestArgs@1, org.springframework.boot.test.context.SpringBootTestWebEnvironment@17b64941], resourceBasePath = 'src/main/webapp', contextLoader = 'org.springframework.boot.test.context.SpringBootContextLoader', parent = [null]], attributes = map['org.springframework.test.context.web.ServletTestExecutionListener.activateListener' -> false]], class annotated with @DirtiesContext [false] with mode [null].
15:44:17.116 [Test worker] DEBUG org.springframework.test.context.support.DependencyInjectionTestExecutionListener - Performing dependency injection for test context [[DefaultTestContext@30bf881e testClass = HttpRequestTest, testInstance = com.example.testingweb.HttpRequestTest@4c78e00c, testMethod = [null], testException = [null], mergedContextConfiguration = [WebMergedContextConfiguration@1041ebba testClass = HttpRequestTest, locations = '{}', classes = '{class com.example.testingweb.TestingWebApplication}', contextInitializerClasses = '[]', activeProfiles = '{}', propertySourceLocations = '{}', propertySourceProperties = '{org.springframework.boot.test.context.SpringBootTestContextBootstrapper=true, server.port=0}', contextCustomizers = set[org.springframework.boot.test.autoconfigure.actuate.metrics.MetricsExportContextCustomizerFactory$DisableMetricExportContextCustomizer@2b441e56, org.springframework.boot.test.autoconfigure.properties.PropertyMappingContextCustomizer@0, org.springframework.boot.test.autoconfigure.web.servlet.WebDriverContextCustomizerFactory$Customizer@1b17d8ab, org.springframework.boot.test.context.filter.ExcludeFilterContextCustomizer@6c8f4bc7, org.springframework.boot.test.json.DuplicateJsonObjectContextCustomizerFactory$DuplicateJsonObjectContextCustomizer@66020d69, org.springframework.boot.test.mock.mockito.MockitoContextCustomizer@0, org.springframework.boot.test.web.client.TestRestTemplateContextCustomizer@401788d5, org.springframework.boot.test.context.SpringBootTestArgs@1, org.springframework.boot.test.context.SpringBootTestWebEnvironment@17b64941], resourceBasePath = 'src/main/webapp', contextLoader = 'org.springframework.boot.test.context.SpringBootContextLoader', parent = [null]], attributes = map['org.springframework.test.context.web.ServletTestExecutionListener.activateListener' -> false, 'org.springframework.test.context.event.ApplicationEventsTestExecutionListener.recordApplicationEvents' -> false]]].

  .   ____          _            __ _ _
 /\\ / ___'_ __ _ _(_)_ __  __ _ \ \ \ \
( ( )\___ | '_ | '_| | '_ \/ _` | \ \ \ \
 \\/  ___)| |_)| | | | | || (_| |  ) ) ) )
  '  |____| .__|_| |_|_| |_\__, | / / / /
 =========|_|==============|___/=/_/_/_/
 :: Spring Boot ::                (v2.7.0)

2022-06-16 15:44:19.542  INFO 237772 --- [    Test worker] com.example.testingweb.HttpRequestTest   : Starting HttpRequestTest using Java 11.0.15 on sinensia-virtual-machine with PID 237772 (started by sinensia in /home/sinensia/testing-web)
2022-06-16 15:44:19.550  INFO 237772 --- [    Test worker] com.example.testingweb.HttpRequestTest   : No active profile set, falling back to 1 default profile: "default"
2022-06-16 15:44:26.676  INFO 237772 --- [    Test worker] o.s.b.w.embedded.tomcat.TomcatWebServer  : Tomcat initialized with port(s): 0 (http)
2022-06-16 15:44:26.764  INFO 237772 --- [    Test worker] o.apache.catalina.core.StandardService   : Starting service [Tomcat]
2022-06-16 15:44:26.764  INFO 237772 --- [    Test worker] org.apache.catalina.core.StandardEngine  : Starting Servlet engine: [Apache Tomcat/9.0.63]
2022-06-16 15:44:27.247  INFO 237772 --- [    Test worker] o.a.c.c.C.[Tomcat].[localhost].[/]       : Initializing Spring embedded WebApplicationContext
2022-06-16 15:44:27.248  INFO 237772 --- [    Test worker] w.s.c.ServletWebServerApplicationContext : Root WebApplicationContext: initialization completed in 7556 ms
2022-06-16 15:44:30.562  INFO 237772 --- [    Test worker] o.s.b.w.embedded.tomcat.TomcatWebServer  : Tomcat started on port(s): 43395 (http) with context path ''
2022-06-16 15:44:30.600  INFO 237772 --- [    Test worker] com.example.testingweb.HttpRequestTest   : Started HttpRequestTest in 13.252 seconds (JVM running for 23.085)
2022-06-16 15:44:32.714  INFO 237772 --- [o-auto-1-exec-1] o.a.c.c.C.[Tomcat].[localhost].[/]       : Initializing Spring DispatcherServlet 'dispatcherServlet'
2022-06-16 15:44:32.716  INFO 237772 --- [o-auto-1-exec-1] o.s.web.servlet.DispatcherServlet        : Initializing Servlet 'dispatcherServlet'
2022-06-16 15:44:32.720  INFO 237772 --- [o-auto-1-exec-1] o.s.web.servlet.DispatcherServlet        : Completed initialization in 3 ms
2022-06-16 15:44:33.536  WARN 237772 --- [o-auto-1-exec-2] .w.s.m.s.DefaultHandlerExceptionResolver : Resolved [org.springframework.web.method.annotation.MethodArgumentTypeMismatchException: Failed to convert value of type 'java.lang.String' to required type 'java.lang.Float'; nested exception is java.lang.NumberFormatException: For input string: "X"]
2022-06-16 15:44:33.646  WARN 237772 --- [o-auto-1-exec-4] .w.s.m.s.DefaultHandlerExceptionResolver : Resolved [org.springframework.web.method.annotation.MethodArgumentTypeMismatchException: Failed to convert value of type 'java.lang.String' to required type 'java.lang.Float'; nested exception is java.lang.NumberFormatException: For input string: "X"]
2022-06-16 15:44:33.698  WARN 237772 --- [o-auto-1-exec-3] .w.s.m.s.DefaultHandlerExceptionResolver : Resolved [org.springframework.web.method.annotation.MethodArgumentTypeMismatchException: Failed to convert value of type 'java.lang.String' to required type 'java.lang.Float'; nested exception is java.lang.NumberFormatException: For input string: "X"]
2022-06-16 15:44:33.773  WARN 237772 --- [o-auto-1-exec-5] .w.s.m.s.DefaultHandlerExceptionResolver : Resolved [org.springframework.web.method.annotation.MethodArgumentTypeMismatchException: Failed to convert value of type 'java.lang.String' to required type 'java.lang.Float'; nested exception is java.lang.NumberFormatException: For input string: "X"]
]]></system-out>
  <system-err><![CDATA[]]></system-err>
</testsuite>
