<?xml version="1.0" encoding="UTF-8"?>
<testsuite name="com.example.testingweb.SmokeTest" tests="1" skipped="0" failures="0" errors="0" timestamp="2022-06-15T15:21:40" hostname="sinensia-virtual-machine" time="0.025">
  <properties/>
  <testcase name="contextLoads()" classname="com.example.testingweb.SmokeTest" time="0.025"/>
  <system-out><![CDATA[2022-06-15 17:21:38.600  INFO 203149 --- [    Test worker] .b.t.c.SpringBootTestContextBootstrapper : Neither @ContextConfiguration nor @ContextHierarchy found for test class [com.example.testingweb.SmokeTest], using SpringBootContextLoader
2022-06-15 17:21:38.604  INFO 203149 --- [    Test worker] o.s.t.c.support.AbstractContextLoader    : Could not detect default resource locations for test class [com.example.testingweb.SmokeTest]: no resource found for suffixes {-context.xml, Context.groovy}.
2022-06-15 17:21:38.607  INFO 203149 --- [    Test worker] t.c.s.AnnotationConfigContextLoaderUtils : Could not detect default configuration classes for test class [com.example.testingweb.SmokeTest]: SmokeTest does not declare any static, non-private, non-final, nested classes annotated with @Configuration.
2022-06-15 17:21:38.619  INFO 203149 --- [    Test worker] .b.t.c.SpringBootTestContextBootstrapper : Found @SpringBootConfiguration com.example.testingweb.TestingWebApplication for test class com.example.testingweb.SmokeTest
2022-06-15 17:21:38.626  INFO 203149 --- [    Test worker] .b.t.c.SpringBootTestContextBootstrapper : Loaded default TestExecutionListener class names from location [META-INF/spring.factories]: [org.springframework.boot.test.autoconfigure.restdocs.RestDocsTestExecutionListener, org.springframework.boot.test.autoconfigure.web.client.MockRestServiceServerResetTestExecutionListener, org.springframework.boot.test.autoconfigure.web.servlet.MockMvcPrintOnlyOnFailureTestExecutionListener, org.springframework.boot.test.autoconfigure.web.servlet.WebDriverTestExecutionListener, org.springframework.boot.test.autoconfigure.webservices.client.MockWebServiceServerTestExecutionListener, org.springframework.boot.test.mock.mockito.MockitoTestExecutionListener, org.springframework.boot.test.mock.mockito.ResetMocksTestExecutionListener, org.springframework.test.context.web.ServletTestExecutionListener, org.springframework.test.context.support.DirtiesContextBeforeModesTestExecutionListener, org.springframework.test.context.event.ApplicationEventsTestExecutionListener, org.springframework.test.context.support.DependencyInjectionTestExecutionListener, org.springframework.test.context.support.DirtiesContextTestExecutionListener, org.springframework.test.context.transaction.TransactionalTestExecutionListener, org.springframework.test.context.jdbc.SqlScriptsTestExecutionListener, org.springframework.test.context.event.EventPublishingTestExecutionListener]
2022-06-15 17:21:38.630  INFO 203149 --- [    Test worker] .b.t.c.SpringBootTestContextBootstrapper : Using TestExecutionListeners: [org.springframework.test.context.web.ServletTestExecutionListener@2120bed, org.springframework.test.context.support.DirtiesContextBeforeModesTestExecutionListener@566fe83c, org.springframework.test.context.event.ApplicationEventsTestExecutionListener@743bb39a, org.springframework.boot.test.mock.mockito.MockitoTestExecutionListener@2de3b052, org.springframework.boot.test.autoconfigure.SpringBootDependencyInjectionTestExecutionListener@3f3c8b60, org.springframework.test.context.support.DirtiesContextTestExecutionListener@16bbaab3, org.springframework.test.context.event.EventPublishingTestExecutionListener@3f357c9d, org.springframework.boot.test.autoconfigure.restdocs.RestDocsTestExecutionListener@fe42a09, org.springframework.boot.test.autoconfigure.web.client.MockRestServiceServerResetTestExecutionListener@5458c71e, org.springframework.boot.test.autoconfigure.web.servlet.MockMvcPrintOnlyOnFailureTestExecutionListener@1ffd0114, org.springframework.boot.test.autoconfigure.web.servlet.WebDriverTestExecutionListener@b3857e2, org.springframework.boot.test.autoconfigure.webservices.client.MockWebServiceServerTestExecutionListener@25a290ee, org.springframework.boot.test.mock.mockito.ResetMocksTestExecutionListener@37d0d373]

  .   ____          _            __ _ _
 /\\ / ___'_ __ _ _(_)_ __  __ _ \ \ \ \
( ( )\___ | '_ | '_| | '_ \/ _` | \ \ \ \
 \\/  ___)| |_)| | | | | || (_| |  ) ) ) )
  '  |____| .__|_| |_|_| |_\__, | / / / /
 =========|_|==============|___/=/_/_/_/
 :: Spring Boot ::                (v2.7.0)

2022-06-15 17:21:38.759  INFO 203149 --- [    Test worker] com.example.testingweb.SmokeTest         : Starting SmokeTest using Java 11.0.15 on sinensia-virtual-machine with PID 203149 (started by sinensia in /home/sinensia/testing-web)
2022-06-15 17:21:38.762  INFO 203149 --- [    Test worker] com.example.testingweb.SmokeTest         : No active profile set, falling back to 1 default profile: "default"
2022-06-15 17:21:40.942  INFO 203149 --- [    Test worker] com.example.testingweb.SmokeTest         : Started SmokeTest in 2.299 seconds (JVM running for 18.649)
]]></system-out>
  <system-err><![CDATA[]]></system-err>
</testsuite>
