<?xml version="1.0" encoding="UTF-8"?>
<testsuite name="com.example.testingweb.SmokeTest" tests="1" skipped="0" failures="0" errors="0" timestamp="2022-06-16T10:27:40" hostname="sinensia-virtual-machine" time="0.063">
  <properties/>
  <testcase name="contextLoads()" classname="com.example.testingweb.SmokeTest" time="0.063"/>
  <system-out><![CDATA[2022-06-16 12:27:35.924  INFO 227726 --- [    Test worker] .b.t.c.SpringBootTestContextBootstrapper : Neither @ContextConfiguration nor @ContextHierarchy found for test class [com.example.testingweb.SmokeTest], using SpringBootContextLoader
2022-06-16 12:27:35.950  INFO 227726 --- [    Test worker] o.s.t.c.support.AbstractContextLoader    : Could not detect default resource locations for test class [com.example.testingweb.SmokeTest]: no resource found for suffixes {-context.xml, Context.groovy}.
2022-06-16 12:27:35.963  INFO 227726 --- [    Test worker] t.c.s.AnnotationConfigContextLoaderUtils : Could not detect default configuration classes for test class [com.example.testingweb.SmokeTest]: SmokeTest does not declare any static, non-private, non-final, nested classes annotated with @Configuration.
2022-06-16 12:27:36.006  INFO 227726 --- [    Test worker] .b.t.c.SpringBootTestContextBootstrapper : Found @SpringBootConfiguration com.example.testingweb.TestingWebApplication for test class com.example.testingweb.SmokeTest
2022-06-16 12:27:36.044  INFO 227726 --- [    Test worker] .b.t.c.SpringBootTestContextBootstrapper : Loaded default TestExecutionListener class names from location [META-INF/spring.factories]: [org.springframework.boot.test.autoconfigure.restdocs.RestDocsTestExecutionListener, org.springframework.boot.test.autoconfigure.web.client.MockRestServiceServerResetTestExecutionListener, org.springframework.boot.test.autoconfigure.web.servlet.MockMvcPrintOnlyOnFailureTestExecutionListener, org.springframework.boot.test.autoconfigure.web.servlet.WebDriverTestExecutionListener, org.springframework.boot.test.autoconfigure.webservices.client.MockWebServiceServerTestExecutionListener, org.springframework.boot.test.mock.mockito.MockitoTestExecutionListener, org.springframework.boot.test.mock.mockito.ResetMocksTestExecutionListener, org.springframework.test.context.web.ServletTestExecutionListener, org.springframework.test.context.support.DirtiesContextBeforeModesTestExecutionListener, org.springframework.test.context.event.ApplicationEventsTestExecutionListener, org.springframework.test.context.support.DependencyInjectionTestExecutionListener, org.springframework.test.context.support.DirtiesContextTestExecutionListener, org.springframework.test.context.transaction.TransactionalTestExecutionListener, org.springframework.test.context.jdbc.SqlScriptsTestExecutionListener, org.springframework.test.context.event.EventPublishingTestExecutionListener]
2022-06-16 12:27:36.063  INFO 227726 --- [    Test worker] .b.t.c.SpringBootTestContextBootstrapper : Using TestExecutionListeners: [org.springframework.test.context.web.ServletTestExecutionListener@32f447f5, org.springframework.test.context.support.DirtiesContextBeforeModesTestExecutionListener@1c00589d, org.springframework.test.context.event.ApplicationEventsTestExecutionListener@3bea96e2, org.springframework.boot.test.mock.mockito.MockitoTestExecutionListener@70e9f121, org.springframework.boot.test.autoconfigure.SpringBootDependencyInjectionTestExecutionListener@6032cb26, org.springframework.test.context.support.DirtiesContextTestExecutionListener@7ee8a30d, org.springframework.test.context.event.EventPublishingTestExecutionListener@11da67b4, org.springframework.boot.test.autoconfigure.restdocs.RestDocsTestExecutionListener@2e05ec57, org.springframework.boot.test.autoconfigure.web.client.MockRestServiceServerResetTestExecutionListener@5818794a, org.springframework.boot.test.autoconfigure.web.servlet.MockMvcPrintOnlyOnFailureTestExecutionListener@6353498f, org.springframework.boot.test.autoconfigure.web.servlet.WebDriverTestExecutionListener@21f67596, org.springframework.boot.test.autoconfigure.webservices.client.MockWebServiceServerTestExecutionListener@209052ab, org.springframework.boot.test.mock.mockito.ResetMocksTestExecutionListener@3bd9bdda]

  .   ____          _            __ _ _
 /\\ / ___'_ __ _ _(_)_ __  __ _ \ \ \ \
( ( )\___ | '_ | '_| | '_ \/ _` | \ \ \ \
 \\/  ___)| |_)| | | | | || (_| |  ) ) ) )
  '  |____| .__|_| |_|_| |_\__, | / / / /
 =========|_|==============|___/=/_/_/_/
 :: Spring Boot ::                (v2.7.0)

2022-06-16 12:27:36.873  INFO 227726 --- [    Test worker] com.example.testingweb.SmokeTest         : Starting SmokeTest using Java 11.0.15 on sinensia-virtual-machine with PID 227726 (started by sinensia in /home/sinensia/testing-web)
2022-06-16 12:27:36.879  INFO 227726 --- [    Test worker] com.example.testingweb.SmokeTest         : No active profile set, falling back to 1 default profile: "default"
2022-06-16 12:27:40.158  INFO 227726 --- [    Test worker] com.example.testingweb.SmokeTest         : Started SmokeTest in 3.98 seconds (JVM running for 74.055)
]]></system-out>
  <system-err><![CDATA[]]></system-err>
</testsuite>
