<?xml version="1.0" encoding="UTF-8"?>
<testsuite name="com.example.testingweb.HttpRequestTest" tests="18" skipped="0" failures="0" errors="0" timestamp="2022-06-16T10:27:25" hostname="sinensia-virtual-machine" time="10.041">
  <properties/>
  <testcase name="catAddWithInvalidNumber()" classname="com.example.testingweb.HttpRequestTest" time="8.005"/>
  <testcase name="catAddWithFractions()" classname="com.example.testingweb.HttpRequestTest" time="0.133"/>
  <testcase name="catAddNegativeNumbers()" classname="com.example.testingweb.HttpRequestTest" time="0.088"/>
  <testcase name="catMultiplyWithEmptyValue()" classname="com.example.testingweb.HttpRequestTest" time="0.064"/>
  <testcase name="catAdd()" classname="com.example.testingweb.HttpRequestTest" time="0.061"/>
  <testcase name="catSubtractWithMissingValue()" classname="com.example.testingweb.HttpRequestTest" time="0.031"/>
  <testcase name="catAddWithMissingValue()" classname="com.example.testingweb.HttpRequestTest" time="0.08"/>
  <testcase name="catSubtract()" classname="com.example.testingweb.HttpRequestTest" time="0.09"/>
  <testcase name="catMultiplyWithFractions()" classname="com.example.testingweb.HttpRequestTest" time="0.134"/>
  <testcase name="catAddWithEmptyValue()" classname="com.example.testingweb.HttpRequestTest" time="0.107"/>
  <testcase name="catSubtractNegativeNumbers()" classname="com.example.testingweb.HttpRequestTest" time="0.119"/>
  <testcase name="catDivide()" classname="com.example.testingweb.HttpRequestTest" time="0.132"/>
  <testcase name="catSubtractWithFractions()" classname="com.example.testingweb.HttpRequestTest" time="0.077"/>
  <testcase name="catSubtractWithEmptyValue()" classname="com.example.testingweb.HttpRequestTest" time="0.053"/>
  <testcase name="greetingShouldReturnDefaultMessage()" classname="com.example.testingweb.HttpRequestTest" time="0.042"/>
  <testcase name="catMultiplyNegativeNumbers()" classname="com.example.testingweb.HttpRequestTest" time="0.07"/>
  <testcase name="catMultiply()" classname="com.example.testingweb.HttpRequestTest" time="0.059"/>
  <testcase name="catMultiplyWithMissingValue()" classname="com.example.testingweb.HttpRequestTest" time="0.079"/>
  <system-out><![CDATA[12:26:34.440 [Test worker] DEBUG org.springframework.test.context.BootstrapUtils - Instantiating CacheAwareContextLoaderDelegate from class [org.springframework.test.context.cache.DefaultCacheAwareContextLoaderDelegate]
12:26:34.603 [Test worker] DEBUG org.springframework.test.context.BootstrapUtils - Instantiating BootstrapContext using constructor [public org.springframework.test.context.support.DefaultBootstrapContext(java.lang.Class,org.springframework.test.context.CacheAwareContextLoaderDelegate)]
12:26:35.037 [Test worker] DEBUG org.springframework.test.context.BootstrapUtils - Instantiating TestContextBootstrapper for test class [com.example.testingweb.HttpRequestTest] from class [org.springframework.boot.test.context.SpringBootTestContextBootstrapper]
12:26:35.095 [Test worker] INFO org.springframework.boot.test.context.SpringBootTestContextBootstrapper - Neither @ContextConfiguration nor @ContextHierarchy found for test class [com.example.testingweb.HttpRequestTest], using SpringBootContextLoader
12:26:35.122 [Test worker] DEBUG org.springframework.test.context.support.AbstractContextLoader - Did not detect default resource location for test class [com.example.testingweb.HttpRequestTest]: class path resource [com/example/testingweb/HttpRequestTest-context.xml] does not exist
12:26:35.124 [Test worker] DEBUG org.springframework.test.context.support.AbstractContextLoader - Did not detect default resource location for test class [com.example.testingweb.HttpRequestTest]: class path resource [com/example/testingweb/HttpRequestTestContext.groovy] does not exist
12:26:35.126 [Test worker] INFO org.springframework.test.context.support.AbstractContextLoader - Could not detect default resource locations for test class [com.example.testingweb.HttpRequestTest]: no resource found for suffixes {-context.xml, Context.groovy}.
12:26:35.134 [Test worker] INFO org.springframework.test.context.support.AnnotationConfigContextLoaderUtils - Could not detect default configuration classes for test class [com.example.testingweb.HttpRequestTest]: HttpRequestTest does not declare any static, non-private, non-final, nested classes annotated with @Configuration.
12:26:35.450 [Test worker] DEBUG org.springframework.test.context.support.ActiveProfilesUtils - Could not find an 'annotation declaring class' for annotation type [org.springframework.test.context.ActiveProfiles] and class [com.example.testingweb.HttpRequestTest]
12:26:36.021 [Test worker] DEBUG org.springframework.context.annotation.ClassPathScanningCandidateComponentProvider - Identified candidate component class: file [/home/sinensia/testing-web/build/classes/java/main/com/example/testingweb/TestingWebApplication.class]
12:26:36.027 [Test worker] INFO org.springframework.boot.test.context.SpringBootTestContextBootstrapper - Found @SpringBootConfiguration com.example.testingweb.TestingWebApplication for test class com.example.testingweb.HttpRequestTest
12:26:36.923 [Test worker] DEBUG org.springframework.boot.test.context.SpringBootTestContextBootstrapper - @TestExecutionListeners is not present for class [com.example.testingweb.HttpRequestTest]: using defaults.
12:26:36.930 [Test worker] INFO org.springframework.boot.test.context.SpringBootTestContextBootstrapper - Loaded default TestExecutionListener class names from location [META-INF/spring.factories]: [org.springframework.boot.test.autoconfigure.restdocs.RestDocsTestExecutionListener, org.springframework.boot.test.autoconfigure.web.client.MockRestServiceServerResetTestExecutionListener, org.springframework.boot.test.autoconfigure.web.servlet.MockMvcPrintOnlyOnFailureTestExecutionListener, org.springframework.boot.test.autoconfigure.web.servlet.WebDriverTestExecutionListener, org.springframework.boot.test.autoconfigure.webservices.client.MockWebServiceServerTestExecutionListener, org.springframework.boot.test.mock.mockito.MockitoTestExecutionListener, org.springframework.boot.test.mock.mockito.ResetMocksTestExecutionListener, org.springframework.test.context.web.ServletTestExecutionListener, org.springframework.test.context.support.DirtiesContextBeforeModesTestExecutionListener, org.springframework.test.context.event.ApplicationEventsTestExecutionListener, org.springframework.test.context.support.DependencyInjectionTestExecutionListener, org.springframework.test.context.support.DirtiesContextTestExecutionListener, org.springframework.test.context.transaction.TransactionalTestExecutionListener, org.springframework.test.context.jdbc.SqlScriptsTestExecutionListener, org.springframework.test.context.event.EventPublishingTestExecutionListener]
12:26:37.032 [Test worker] DEBUG org.springframework.boot.test.context.SpringBootTestContextBootstrapper - Skipping candidate TestExecutionListener [org.springframework.test.context.transaction.TransactionalTestExecutionListener] due to a missing dependency. Specify custom listener classes or make the default listener classes and their required dependencies available. Offending class: [org/springframework/transaction/interceptor/TransactionAttributeSource]
12:26:37.034 [Test worker] DEBUG org.springframework.boot.test.context.SpringBootTestContextBootstrapper - Skipping candidate TestExecutionListener [org.springframework.test.context.jdbc.SqlScriptsTestExecutionListener] due to a missing dependency. Specify custom listener classes or make the default listener classes and their required dependencies available. Offending class: [org/springframework/transaction/interceptor/TransactionAttribute]
12:26:37.035 [Test worker] INFO org.springframework.boot.test.context.SpringBootTestContextBootstrapper - Using TestExecutionListeners: [org.springframework.test.context.web.ServletTestExecutionListener@576b385d, org.springframework.test.context.support.DirtiesContextBeforeModesTestExecutionListener@2560a7be, org.springframework.test.context.event.ApplicationEventsTestExecutionListener@fabfc79, org.springframework.boot.test.mock.mockito.MockitoTestExecutionListener@59aa2fba, org.springframework.boot.test.autoconfigure.SpringBootDependencyInjectionTestExecutionListener@578d5d02, org.springframework.test.context.support.DirtiesContextTestExecutionListener@77f04d1a, org.springframework.test.context.event.EventPublishingTestExecutionListener@27682fa9, org.springframework.boot.test.autoconfigure.restdocs.RestDocsTestExecutionListener@2fb70301, org.springframework.boot.test.autoconfigure.web.client.MockRestServiceServerResetTestExecutionListener@126f2eb8, org.springframework.boot.test.autoconfigure.web.servlet.MockMvcPrintOnlyOnFailureTestExecutionListener@67823972, org.springframework.boot.test.autoconfigure.web.servlet.WebDriverTestExecutionListener@1f1574c, org.springframework.boot.test.autoconfigure.webservices.client.MockWebServiceServerTestExecutionListener@16c9e378, org.springframework.boot.test.mock.mockito.ResetMocksTestExecutionListener@7d3815f7]
12:26:37.064 [Test worker] DEBUG org.springframework.test.context.support.AbstractDirtiesContextTestExecutionListener - Before test class: context [DefaultTestContext@33827b88 testClass = HttpRequestTest, testInstance = [null], testMethod = [null], testException = [null], mergedContextConfiguration = [WebMergedContextConfiguration@7526bb18 testClass = HttpRequestTest, locations = '{}', classes = '{class com.example.testingweb.TestingWebApplication}', contextInitializerClasses = '[]', activeProfiles = '{}', propertySourceLocations = '{}', propertySourceProperties = '{org.springframework.boot.test.context.SpringBootTestContextBootstrapper=true, server.port=0}', contextCustomizers = set[org.springframework.boot.test.autoconfigure.actuate.metrics.MetricsExportContextCustomizerFactory$DisableMetricExportContextCustomizer@4ae8fb2a, org.springframework.boot.test.autoconfigure.properties.PropertyMappingContextCustomizer@0, org.springframework.boot.test.autoconfigure.web.servlet.WebDriverContextCustomizerFactory$Customizer@57a667c8, org.springframework.boot.test.context.filter.ExcludeFilterContextCustomizer@687eb455, org.springframework.boot.test.json.DuplicateJsonObjectContextCustomizerFactory$DuplicateJsonObjectContextCustomizer@14b8a751, org.springframework.boot.test.mock.mockito.MockitoContextCustomizer@0, org.springframework.boot.test.web.client.TestRestTemplateContextCustomizer@7d47dfed, org.springframework.boot.test.context.SpringBootTestArgs@1, org.springframework.boot.test.context.SpringBootTestWebEnvironment@7e2f86e6], resourceBasePath = 'src/main/webapp', contextLoader = 'org.springframework.boot.test.context.SpringBootContextLoader', parent = [null]], attributes = map['org.springframework.test.context.web.ServletTestExecutionListener.activateListener' -> false]], class annotated with @DirtiesContext [false] with mode [null].
12:26:37.100 [Test worker] DEBUG org.springframework.test.context.support.DependencyInjectionTestExecutionListener - Performing dependency injection for test context [[DefaultTestContext@33827b88 testClass = HttpRequestTest, testInstance = com.example.testingweb.HttpRequestTest@becb93a, testMethod = [null], testException = [null], mergedContextConfiguration = [WebMergedContextConfiguration@7526bb18 testClass = HttpRequestTest, locations = '{}', classes = '{class com.example.testingweb.TestingWebApplication}', contextInitializerClasses = '[]', activeProfiles = '{}', propertySourceLocations = '{}', propertySourceProperties = '{org.springframework.boot.test.context.SpringBootTestContextBootstrapper=true, server.port=0}', contextCustomizers = set[org.springframework.boot.test.autoconfigure.actuate.metrics.MetricsExportContextCustomizerFactory$DisableMetricExportContextCustomizer@4ae8fb2a, org.springframework.boot.test.autoconfigure.properties.PropertyMappingContextCustomizer@0, org.springframework.boot.test.autoconfigure.web.servlet.WebDriverContextCustomizerFactory$Customizer@57a667c8, org.springframework.boot.test.context.filter.ExcludeFilterContextCustomizer@687eb455, org.springframework.boot.test.json.DuplicateJsonObjectContextCustomizerFactory$DuplicateJsonObjectContextCustomizer@14b8a751, org.springframework.boot.test.mock.mockito.MockitoContextCustomizer@0, org.springframework.boot.test.web.client.TestRestTemplateContextCustomizer@7d47dfed, org.springframework.boot.test.context.SpringBootTestArgs@1, org.springframework.boot.test.context.SpringBootTestWebEnvironment@7e2f86e6], resourceBasePath = 'src/main/webapp', contextLoader = 'org.springframework.boot.test.context.SpringBootContextLoader', parent = [null]], attributes = map['org.springframework.test.context.web.ServletTestExecutionListener.activateListener' -> false, 'org.springframework.test.context.event.ApplicationEventsTestExecutionListener.recordApplicationEvents' -> false]]].

  .   ____          _            __ _ _
 /\\ / ___'_ __ _ _(_)_ __  __ _ \ \ \ \
( ( )\___ | '_ | '_| | '_ \/ _` | \ \ \ \
 \\/  ___)| |_)| | | | | || (_| |  ) ) ) )
  '  |____| .__|_| |_|_| |_\__, | / / / /
 =========|_|==============|___/=/_/_/_/
 :: Spring Boot ::                (v2.7.0)

2022-06-16 12:26:41.367  INFO 227726 --- [    Test worker] com.example.testingweb.HttpRequestTest   : Starting HttpRequestTest using Java 11.0.15 on sinensia-virtual-machine with PID 227726 (started by sinensia in /home/sinensia/testing-web)
2022-06-16 12:26:41.413  INFO 227726 --- [    Test worker] com.example.testingweb.HttpRequestTest   : No active profile set, falling back to 1 default profile: "default"
2022-06-16 12:27:12.108  INFO 227726 --- [    Test worker] o.s.b.w.embedded.tomcat.TomcatWebServer  : Tomcat initialized with port(s): 0 (http)
2022-06-16 12:27:12.444  INFO 227726 --- [    Test worker] o.apache.catalina.core.StandardService   : Starting service [Tomcat]
2022-06-16 12:27:12.461  INFO 227726 --- [    Test worker] org.apache.catalina.core.StandardEngine  : Starting Servlet engine: [Apache Tomcat/9.0.63]
2022-06-16 12:27:15.087  INFO 227726 --- [    Test worker] o.a.c.c.C.[Tomcat].[localhost].[/]       : Initializing Spring embedded WebApplicationContext
2022-06-16 12:27:15.106  INFO 227726 --- [    Test worker] w.s.c.ServletWebServerApplicationContext : Root WebApplicationContext: initialization completed in 33012 ms
2022-06-16 12:27:25.434  INFO 227726 --- [    Test worker] o.s.b.w.embedded.tomcat.TomcatWebServer  : Tomcat started on port(s): 33625 (http) with context path ''
2022-06-16 12:27:25.705  INFO 227726 --- [    Test worker] com.example.testingweb.HttpRequestTest   : Started HttpRequestTest in 48.478 seconds (JVM running for 59.602)
2022-06-16 12:27:30.844  INFO 227726 --- [o-auto-1-exec-1] o.a.c.c.C.[Tomcat].[localhost].[/]       : Initializing Spring DispatcherServlet 'dispatcherServlet'
2022-06-16 12:27:30.846  INFO 227726 --- [o-auto-1-exec-1] o.s.web.servlet.DispatcherServlet        : Initializing Servlet 'dispatcherServlet'
2022-06-16 12:27:30.855  INFO 227726 --- [o-auto-1-exec-1] o.s.web.servlet.DispatcherServlet        : Completed initialization in 7 ms
2022-06-16 12:27:31.161  WARN 227726 --- [o-auto-1-exec-1] .w.s.m.s.DefaultHandlerExceptionResolver : Resolved [org.springframework.web.method.annotation.MethodArgumentTypeMismatchException: Failed to convert value of type 'java.lang.String' to required type 'java.lang.Float'; nested exception is java.lang.NumberFormatException: For input string: "X"]
2022-06-16 12:27:33.493  WARN 227726 --- [o-auto-1-exec-2] .w.s.m.s.DefaultHandlerExceptionResolver : Resolved [org.springframework.web.method.annotation.MethodArgumentTypeMismatchException: Failed to convert value of type 'java.lang.String' to required type 'java.lang.Float'; nested exception is java.lang.NumberFormatException: For input string: "X"]
2022-06-16 12:27:33.578  WARN 227726 --- [o-auto-1-exec-3] .w.s.m.s.DefaultHandlerExceptionResolver : Resolved [org.springframework.web.method.annotation.MethodArgumentTypeMismatchException: Failed to convert value of type 'java.lang.String' to required type 'java.lang.Float'; nested exception is java.lang.NumberFormatException: For input string: "X"]
2022-06-16 12:27:33.663  WARN 227726 --- [o-auto-1-exec-4] .w.s.m.s.DefaultHandlerExceptionResolver : Resolved [org.springframework.web.method.annotation.MethodArgumentTypeMismatchException: Failed to convert value of type 'java.lang.String' to required type 'java.lang.Float'; nested exception is java.lang.NumberFormatException: For input string: "X"]
]]></system-out>
  <system-err><![CDATA[]]></system-err>
</testsuite>
