<?xml version="1.0" encoding="UTF-8"?>
<testsuite name="com.example.testingweb.TestingWebApplicationTests" tests="1" skipped="0" failures="0" errors="0" timestamp="2022-06-16T10:00:33" hostname="sinensia-virtual-machine" time="0.197">
  <properties/>
  <testcase name="shouldReturnDefaultMessage()" classname="com.example.testingweb.TestingWebApplicationTests" time="0.197"/>
  <system-out><![CDATA[2022-06-16 12:00:30.151  INFO 225895 --- [    Test worker] .b.t.c.SpringBootTestContextBootstrapper : Neither @ContextConfiguration nor @ContextHierarchy found for test class [com.example.testingweb.TestingWebApplicationTests], using SpringBootContextLoader
2022-06-16 12:00:30.163  INFO 225895 --- [    Test worker] o.s.t.c.support.AbstractContextLoader    : Could not detect default resource locations for test class [com.example.testingweb.TestingWebApplicationTests]: no resource found for suffixes {-context.xml, Context.groovy}.
2022-06-16 12:00:30.163  INFO 225895 --- [    Test worker] t.c.s.AnnotationConfigContextLoaderUtils : Could not detect default configuration classes for test class [com.example.testingweb.TestingWebApplicationTests]: TestingWebApplicationTests does not declare any static, non-private, non-final, nested classes annotated with @Configuration.
2022-06-16 12:00:30.265  INFO 225895 --- [    Test worker] .b.t.c.SpringBootTestContextBootstrapper : Found @SpringBootConfiguration com.example.testingweb.TestingWebApplication for test class com.example.testingweb.TestingWebApplicationTests
2022-06-16 12:00:30.286  INFO 225895 --- [    Test worker] .b.t.c.SpringBootTestContextBootstrapper : Loaded default TestExecutionListener class names from location [META-INF/spring.factories]: [org.springframework.boot.test.autoconfigure.restdocs.RestDocsTestExecutionListener, org.springframework.boot.test.autoconfigure.web.client.MockRestServiceServerResetTestExecutionListener, org.springframework.boot.test.autoconfigure.web.servlet.MockMvcPrintOnlyOnFailureTestExecutionListener, org.springframework.boot.test.autoconfigure.web.servlet.WebDriverTestExecutionListener, org.springframework.boot.test.autoconfigure.webservices.client.MockWebServiceServerTestExecutionListener, org.springframework.boot.test.mock.mockito.MockitoTestExecutionListener, org.springframework.boot.test.mock.mockito.ResetMocksTestExecutionListener, org.springframework.test.context.web.ServletTestExecutionListener, org.springframework.test.context.support.DirtiesContextBeforeModesTestExecutionListener, org.springframework.test.context.event.ApplicationEventsTestExecutionListener, org.springframework.test.context.support.DependencyInjectionTestExecutionListener, org.springframework.test.context.support.DirtiesContextTestExecutionListener, org.springframework.test.context.transaction.TransactionalTestExecutionListener, org.springframework.test.context.jdbc.SqlScriptsTestExecutionListener, org.springframework.test.context.event.EventPublishingTestExecutionListener]
2022-06-16 12:00:30.299  INFO 225895 --- [    Test worker] .b.t.c.SpringBootTestContextBootstrapper : Using TestExecutionListeners: [org.springframework.test.context.web.ServletTestExecutionListener@67b0bd92, org.springframework.test.context.support.DirtiesContextBeforeModesTestExecutionListener@713439f3, org.springframework.test.context.event.ApplicationEventsTestExecutionListener@a0cc1e9, org.springframework.boot.test.mock.mockito.MockitoTestExecutionListener@196107bc, org.springframework.boot.test.autoconfigure.SpringBootDependencyInjectionTestExecutionListener@7b5f652f, org.springframework.test.context.support.DirtiesContextTestExecutionListener@2bf42016, org.springframework.test.context.event.EventPublishingTestExecutionListener@479bbf08, org.springframework.boot.test.autoconfigure.restdocs.RestDocsTestExecutionListener@56561ca0, org.springframework.boot.test.autoconfigure.web.client.MockRestServiceServerResetTestExecutionListener@56207d58, org.springframework.boot.test.autoconfigure.web.servlet.MockMvcPrintOnlyOnFailureTestExecutionListener@5cde131a, org.springframework.boot.test.autoconfigure.web.servlet.WebDriverTestExecutionListener@46a78476, org.springframework.boot.test.autoconfigure.webservices.client.MockWebServiceServerTestExecutionListener@20f2231e, org.springframework.boot.test.mock.mockito.ResetMocksTestExecutionListener@756d40e5]

  .   ____          _            __ _ _
 /\\ / ___'_ __ _ _(_)_ __  __ _ \ \ \ \
( ( )\___ | '_ | '_| | '_ \/ _` | \ \ \ \
 \\/  ___)| |_)| | | | | || (_| |  ) ) ) )
  '  |____| .__|_| |_|_| |_\__, | / / / /
 =========|_|==============|___/=/_/_/_/
 :: Spring Boot ::                (v2.7.0)

2022-06-16 12:00:30.483  INFO 225895 --- [    Test worker] c.e.t.TestingWebApplicationTests         : Starting TestingWebApplicationTests using Java 11.0.15 on sinensia-virtual-machine with PID 225895 (started by sinensia in /home/sinensia/testing-web)
2022-06-16 12:00:30.485  INFO 225895 --- [    Test worker] c.e.t.TestingWebApplicationTests         : No active profile set, falling back to 1 default profile: "default"
2022-06-16 12:00:33.624  INFO 225895 --- [    Test worker] o.s.b.t.m.w.SpringBootMockServletContext : Initializing Spring TestDispatcherServlet ''
2022-06-16 12:00:33.625  INFO 225895 --- [    Test worker] o.s.t.web.servlet.TestDispatcherServlet  : Initializing Servlet ''
2022-06-16 12:00:33.629  INFO 225895 --- [    Test worker] o.s.t.web.servlet.TestDispatcherServlet  : Completed initialization in 3 ms
2022-06-16 12:00:33.684  INFO 225895 --- [    Test worker] c.e.t.TestingWebApplicationTests         : Started TestingWebApplicationTests in 3.37 seconds (JVM running for 72.286)

MockHttpServletRequest:
      HTTP Method = GET
      Request URI = /
       Parameters = {}
          Headers = []
             Body = null
    Session Attrs = {}

Handler:
             Type = com.example.testingweb.HomeController
           Method = com.example.testingweb.HomeController#greeting()

Async:
    Async started = false
     Async result = null

Resolved Exception:
             Type = null

ModelAndView:
        View name = null
             View = null
            Model = null

FlashMap:
       Attributes = null

MockHttpServletResponse:
           Status = 200
    Error message = null
          Headers = [Content-Type:"text/plain;charset=UTF-8", Content-Length:"12"]
     Content type = text/plain;charset=UTF-8
             Body = Hello, World
    Forwarded URL = null
   Redirected URL = null
          Cookies = []
]]></system-out>
  <system-err><![CDATA[]]></system-err>
</testsuite>
