<?xml version="1.0" encoding="UTF-8"?>
<testsuite name="com.example.testingweb.TestingWebApplicationTests" tests="1" skipped="0" failures="0" errors="0" timestamp="2022-06-15T15:21:42" hostname="sinensia-virtual-machine" time="0.15">
  <properties/>
  <testcase name="shouldReturnDefaultMessage()" classname="com.example.testingweb.TestingWebApplicationTests" time="0.15"/>
  <system-out><![CDATA[2022-06-15 17:21:41.009  INFO 203149 --- [    Test worker] .b.t.c.SpringBootTestContextBootstrapper : Neither @ContextConfiguration nor @ContextHierarchy found for test class [com.example.testingweb.TestingWebApplicationTests], using SpringBootContextLoader
2022-06-15 17:21:41.019  INFO 203149 --- [    Test worker] o.s.t.c.support.AbstractContextLoader    : Could not detect default resource locations for test class [com.example.testingweb.TestingWebApplicationTests]: no resource found for suffixes {-context.xml, Context.groovy}.
2022-06-15 17:21:41.020  INFO 203149 --- [    Test worker] t.c.s.AnnotationConfigContextLoaderUtils : Could not detect default configuration classes for test class [com.example.testingweb.TestingWebApplicationTests]: TestingWebApplicationTests does not declare any static, non-private, non-final, nested classes annotated with @Configuration.
2022-06-15 17:21:41.044  INFO 203149 --- [    Test worker] .b.t.c.SpringBootTestContextBootstrapper : Found @SpringBootConfiguration com.example.testingweb.TestingWebApplication for test class com.example.testingweb.TestingWebApplicationTests
2022-06-15 17:21:41.060  INFO 203149 --- [    Test worker] .b.t.c.SpringBootTestContextBootstrapper : Loaded default TestExecutionListener class names from location [META-INF/spring.factories]: [org.springframework.boot.test.autoconfigure.restdocs.RestDocsTestExecutionListener, org.springframework.boot.test.autoconfigure.web.client.MockRestServiceServerResetTestExecutionListener, org.springframework.boot.test.autoconfigure.web.servlet.MockMvcPrintOnlyOnFailureTestExecutionListener, org.springframework.boot.test.autoconfigure.web.servlet.WebDriverTestExecutionListener, org.springframework.boot.test.autoconfigure.webservices.client.MockWebServiceServerTestExecutionListener, org.springframework.boot.test.mock.mockito.MockitoTestExecutionListener, org.springframework.boot.test.mock.mockito.ResetMocksTestExecutionListener, org.springframework.test.context.web.ServletTestExecutionListener, org.springframework.test.context.support.DirtiesContextBeforeModesTestExecutionListener, org.springframework.test.context.event.ApplicationEventsTestExecutionListener, org.springframework.test.context.support.DependencyInjectionTestExecutionListener, org.springframework.test.context.support.DirtiesContextTestExecutionListener, org.springframework.test.context.transaction.TransactionalTestExecutionListener, org.springframework.test.context.jdbc.SqlScriptsTestExecutionListener, org.springframework.test.context.event.EventPublishingTestExecutionListener]
2022-06-15 17:21:41.071  INFO 203149 --- [    Test worker] .b.t.c.SpringBootTestContextBootstrapper : Using TestExecutionListeners: [org.springframework.test.context.web.ServletTestExecutionListener@29090809, org.springframework.test.context.support.DirtiesContextBeforeModesTestExecutionListener@30cafd13, org.springframework.test.context.event.ApplicationEventsTestExecutionListener@1d226f27, org.springframework.boot.test.mock.mockito.MockitoTestExecutionListener@1d944fc0, org.springframework.boot.test.autoconfigure.SpringBootDependencyInjectionTestExecutionListener@7c3c453b, org.springframework.test.context.support.DirtiesContextTestExecutionListener@1b791dca, org.springframework.test.context.event.EventPublishingTestExecutionListener@15ac02d5, org.springframework.boot.test.autoconfigure.restdocs.RestDocsTestExecutionListener@2af9a5ef, org.springframework.boot.test.autoconfigure.web.client.MockRestServiceServerResetTestExecutionListener@34f23816, org.springframework.boot.test.autoconfigure.web.servlet.MockMvcPrintOnlyOnFailureTestExecutionListener@6736f40f, org.springframework.boot.test.autoconfigure.web.servlet.WebDriverTestExecutionListener@12f9f896, org.springframework.boot.test.autoconfigure.webservices.client.MockWebServiceServerTestExecutionListener@7548e1fb, org.springframework.boot.test.mock.mockito.ResetMocksTestExecutionListener@505f45cc]

  .   ____          _            __ _ _
 /\\ / ___'_ __ _ _(_)_ __  __ _ \ \ \ \
( ( )\___ | '_ | '_| | '_ \/ _` | \ \ \ \
 \\/  ___)| |_)| | | | | || (_| |  ) ) ) )
  '  |____| .__|_| |_|_| |_\__, | / / / /
 =========|_|==============|___/=/_/_/_/
 :: Spring Boot ::                (v2.7.0)

2022-06-15 17:21:41.204  INFO 203149 --- [    Test worker] c.e.t.TestingWebApplicationTests         : Starting TestingWebApplicationTests using Java 11.0.15 on sinensia-virtual-machine with PID 203149 (started by sinensia in /home/sinensia/testing-web)
2022-06-15 17:21:41.205  INFO 203149 --- [    Test worker] c.e.t.TestingWebApplicationTests         : No active profile set, falling back to 1 default profile: "default"
2022-06-15 17:21:42.835  INFO 203149 --- [    Test worker] o.s.b.t.m.w.SpringBootMockServletContext : Initializing Spring TestDispatcherServlet ''
2022-06-15 17:21:42.836  INFO 203149 --- [    Test worker] o.s.t.web.servlet.TestDispatcherServlet  : Initializing Servlet ''
2022-06-15 17:21:42.837  INFO 203149 --- [    Test worker] o.s.t.web.servlet.TestDispatcherServlet  : Completed initialization in 1 ms
2022-06-15 17:21:42.866  INFO 203149 --- [    Test worker] c.e.t.TestingWebApplicationTests         : Started TestingWebApplicationTests in 1.79 seconds (JVM running for 20.573)

MockHttpServletRequest:
      HTTP Method = GET
      Request URI = /
       Parameters = {}
          Headers = []
             Body = null
    Session Attrs = {}

Handler:
             Type = com.example.testingweb.HomeController
           Method = com.example.testingweb.HomeController#greeting()

Async:
    Async started = false
     Async result = null

Resolved Exception:
             Type = null

ModelAndView:
        View name = null
             View = null
            Model = null

FlashMap:
       Attributes = null

MockHttpServletResponse:
           Status = 200
    Error message = null
          Headers = [Content-Type:"text/plain;charset=UTF-8", Content-Length:"12"]
     Content type = text/plain;charset=UTF-8
             Body = Hello, World
    Forwarded URL = null
   Redirected URL = null
          Cookies = []
]]></system-out>
  <system-err><![CDATA[]]></system-err>
</testsuite>
