<?xml version="1.0" encoding="UTF-8"?>
<testsuite name="com.example.testingweb.SmokeTest" tests="1" skipped="0" failures="0" errors="0" timestamp="2022-06-16T13:44:38" hostname="sinensia-virtual-machine" time="0.012">
  <properties/>
  <testcase name="contextLoads()" classname="com.example.testingweb.SmokeTest" time="0.012"/>
  <system-out><![CDATA[2022-06-16 15:44:35.016  INFO 237772 --- [    Test worker] .b.t.c.SpringBootTestContextBootstrapper : Neither @ContextConfiguration nor @ContextHierarchy found for test class [com.example.testingweb.SmokeTest], using SpringBootContextLoader
2022-06-16 15:44:35.024  INFO 237772 --- [    Test worker] o.s.t.c.support.AbstractContextLoader    : Could not detect default resource locations for test class [com.example.testingweb.SmokeTest]: no resource found for suffixes {-context.xml, Context.groovy}.
2022-06-16 15:44:35.025  INFO 237772 --- [    Test worker] t.c.s.AnnotationConfigContextLoaderUtils : Could not detect default configuration classes for test class [com.example.testingweb.SmokeTest]: SmokeTest does not declare any static, non-private, non-final, nested classes annotated with @Configuration.
2022-06-16 15:44:35.053  INFO 237772 --- [    Test worker] .b.t.c.SpringBootTestContextBootstrapper : Found @SpringBootConfiguration com.example.testingweb.TestingWebApplication for test class com.example.testingweb.SmokeTest
2022-06-16 15:44:35.064  INFO 237772 --- [    Test worker] .b.t.c.SpringBootTestContextBootstrapper : Loaded default TestExecutionListener class names from location [META-INF/spring.factories]: [org.springframework.boot.test.autoconfigure.restdocs.RestDocsTestExecutionListener, org.springframework.boot.test.autoconfigure.web.client.MockRestServiceServerResetTestExecutionListener, org.springframework.boot.test.autoconfigure.web.servlet.MockMvcPrintOnlyOnFailureTestExecutionListener, org.springframework.boot.test.autoconfigure.web.servlet.WebDriverTestExecutionListener, org.springframework.boot.test.autoconfigure.webservices.client.MockWebServiceServerTestExecutionListener, org.springframework.boot.test.mock.mockito.MockitoTestExecutionListener, org.springframework.boot.test.mock.mockito.ResetMocksTestExecutionListener, org.springframework.test.context.web.ServletTestExecutionListener, org.springframework.test.context.support.DirtiesContextBeforeModesTestExecutionListener, org.springframework.test.context.event.ApplicationEventsTestExecutionListener, org.springframework.test.context.support.DependencyInjectionTestExecutionListener, org.springframework.test.context.support.DirtiesContextTestExecutionListener, org.springframework.test.context.transaction.TransactionalTestExecutionListener, org.springframework.test.context.jdbc.SqlScriptsTestExecutionListener, org.springframework.test.context.event.EventPublishingTestExecutionListener]
2022-06-16 15:44:35.072  INFO 237772 --- [    Test worker] .b.t.c.SpringBootTestContextBootstrapper : Using TestExecutionListeners: [org.springframework.test.context.web.ServletTestExecutionListener@7f6749d8, org.springframework.test.context.support.DirtiesContextBeforeModesTestExecutionListener@593e22c5, org.springframework.test.context.event.ApplicationEventsTestExecutionListener@1d628ff1, org.springframework.boot.test.mock.mockito.MockitoTestExecutionListener@5479496b, org.springframework.boot.test.autoconfigure.SpringBootDependencyInjectionTestExecutionListener@1195e3b5, org.springframework.test.context.support.DirtiesContextTestExecutionListener@3995d348, org.springframework.test.context.event.EventPublishingTestExecutionListener@3001de8c, org.springframework.boot.test.autoconfigure.restdocs.RestDocsTestExecutionListener@2eadfbf6, org.springframework.boot.test.autoconfigure.web.client.MockRestServiceServerResetTestExecutionListener@101b2ddd, org.springframework.boot.test.autoconfigure.web.servlet.MockMvcPrintOnlyOnFailureTestExecutionListener@703a305, org.springframework.boot.test.autoconfigure.web.servlet.WebDriverTestExecutionListener@39c8f8d7, org.springframework.boot.test.autoconfigure.webservices.client.MockWebServiceServerTestExecutionListener@787bd653, org.springframework.boot.test.mock.mockito.ResetMocksTestExecutionListener@31476944]

  .   ____          _            __ _ _
 /\\ / ___'_ __ _ _(_)_ __  __ _ \ \ \ \
( ( )\___ | '_ | '_| | '_ \/ _` | \ \ \ \
 \\/  ___)| |_)| | | | | || (_| |  ) ) ) )
  '  |____| .__|_| |_|_| |_\__, | / / / /
 =========|_|==============|___/=/_/_/_/
 :: Spring Boot ::                (v2.7.0)

2022-06-16 15:44:35.353  INFO 237772 --- [    Test worker] com.example.testingweb.SmokeTest         : Starting SmokeTest using Java 11.0.15 on sinensia-virtual-machine with PID 237772 (started by sinensia in /home/sinensia/testing-web)
2022-06-16 15:44:35.356  INFO 237772 --- [    Test worker] com.example.testingweb.SmokeTest         : No active profile set, falling back to 1 default profile: "default"
2022-06-16 15:44:38.341  INFO 237772 --- [    Test worker] com.example.testingweb.SmokeTest         : Started SmokeTest in 3.217 seconds (JVM running for 30.827)
]]></system-out>
  <system-err><![CDATA[]]></system-err>
</testsuite>
